#
# There is insufficient memory for the Java Runtime Environment to continue.
# Native memory allocation (mmap) failed to map 87031808 bytes for committing reserved memory.
# Possible reasons:
#   The system is out of physical RAM or swap space
#   In 32 bit mode, the process size limit was hit
# Possible solutions:
#   Reduce memory load on the system
#   Increase physical memory or swap space
#   Check if swap backing store is full
#   Use 64 bit Java on a 64 bit OS
#   Decrease Java heap size (-Xmx/-Xms)
#   Decrease number of Java threads
#   Decrease Java thread stack sizes (-Xss)
#   Set larger code cache with -XX:ReservedCodeCacheSize=
# This output file may be truncated or incomplete.
#
#  Out of Memory Error (os_linux.cpp:2643), pid=9352, tid=0x00007f282d579700
#
# JRE version:  (8.0_171-b11) (build )
# Java VM: OpenJDK 64-Bit Server VM (25.171-b11 mixed mode linux-amd64 compressed oops)
# Failed to write core dump. Core dumps have been disabled. To enable core dumping, try "ulimit -c unlimited" before starting Java again
#

---------------  T H R E A D  ---------------

Current thread (0x00007f282400b800):  JavaThread "Unknown thread" [_thread_in_vm, id=9357, stack(0x00007f282d479000,0x00007f282d57a000)]

Stack: [0x00007f282d479000,0x00007f282d57a000],  sp=0x00007f282d5785a0,  free space=1021k
Native frames: (J=compiled Java code, j=interpreted, Vv=VM code, C=native code)
V  [libjvm.so+0xaab4b2]
V  [libjvm.so+0x4d7a57]
V  [libjvm.so+0x8e6740]
V  [libjvm.so+0x8e0c9e]
V  [libjvm.so+0x9614b6]
V  [libjvm.so+0x9517ec]
V  [libjvm.so+0x2b2f0e]
V  [libjvm.so+0x90e441]
V  [libjvm.so+0xa6daaa]
V  [libjvm.so+0xa6dd95]
V  [libjvm.so+0x623d5f]
V  [libjvm.so+0xa514eb]
V  [libjvm.so+0x6a6db1]  JNI_CreateJavaVM+0x61
C  [libjli.so+0x2ce3]
C  [libjli.so+0x777d]
C  [libpthread.so.0+0x77fc]  start_thread+0xdc


---------------  P R O C E S S  ---------------

Java Threads: ( => current thread )

Other Threads:

=>0x00007f282400b800 (exited) JavaThread "Unknown thread" [_thread_in_vm, id=9357, stack(0x00007f282d479000,0x00007f282d57a000)]

VM state:not at safepoint (not fully initialized)

VM Mutex/Monitor currently owned by a thread: None

GC Heap History (0 events):
No events

Deoptimization events (0 events):
No events

Classes redefined (0 events):
No events

Internal exceptions (0 events):
No events

Events (0 events):
No events


Dynamic libraries:
c5300000-eab00000 ---p 00000000 00:00 0 
eab00000-ed400000 rw-p 00000000 00:00 0 
ed400000-100000000 ---p 00000000 00:00 0 
55adb402a000-55adb402b000 r-xp 00000000 08:07 800340                     /usr/lib/jvm/java-8-openjdk-amd64/jre/bin/java
55adb422a000-55adb422b000 r--p 00000000 08:07 800340                     /usr/lib/jvm/java-8-openjdk-amd64/jre/bin/java
55adb422b000-55adb422c000 rw-p 00001000 08:07 800340                     /usr/lib/jvm/java-8-openjdk-amd64/jre/bin/java
55adb60ca000-55adb60eb000 rw-p 00000000 00:00 0                          [heap]
7f2815000000-7f2815270000 rwxp 00000000 00:00 0 
7f2815270000-7f2824000000 ---p 00000000 00:00 0 
7f2824000000-7f2824033000 rw-p 00000000 00:00 0 
7f2824033000-7f2828000000 ---p 00000000 00:00 0 
7f282987f000-7f28299d4000 ---p 00000000 00:00 0 
7f28299d4000-7f28299e9000 rw-p 00000000 00:00 0 
7f28299e9000-7f2829a7f000 ---p 00000000 00:00 0 
7f2829a7f000-7f2829a8a000 rw-p 00000000 00:00 0 
7f2829a8a000-7f2829e40000 ---p 00000000 00:00 0 
7f2829e40000-7f2829e48000 r-xp 00000000 08:07 800383                     /usr/lib/jvm/java-8-openjdk-amd64/jre/lib/amd64/libzip.so
7f2829e48000-7f282a047000 ---p 00008000 08:07 800383                     /usr/lib/jvm/java-8-openjdk-amd64/jre/lib/amd64/libzip.so
7f282a047000-7f282a048000 r--p 00007000 08:07 800383                     /usr/lib/jvm/java-8-openjdk-amd64/jre/lib/amd64/libzip.so
7f282a048000-7f282a049000 rw-p 00008000 08:07 800383                     /usr/lib/jvm/java-8-openjdk-amd64/jre/lib/amd64/libzip.so
7f282a049000-7f282a054000 r-xp 00000000 08:07 1058986                    /lib/x86_64-linux-gnu/libnss_files-2.26.so
7f282a054000-7f282a253000 ---p 0000b000 08:07 1058986                    /lib/x86_64-linux-gnu/libnss_files-2.26.so
7f282a253000-7f282a254000 r--p 0000a000 08:07 1058986                    /lib/x86_64-linux-gnu/libnss_files-2.26.so
7f282a254000-7f282a255000 rw-p 0000b000 08:07 1058986                    /lib/x86_64-linux-gnu/libnss_files-2.26.so
7f282a255000-7f282a25b000 rw-p 00000000 00:00 0 
7f282a25b000-7f282a266000 r-xp 00000000 08:07 1058988                    /lib/x86_64-linux-gnu/libnss_nis-2.26.so
7f282a266000-7f282a465000 ---p 0000b000 08:07 1058988                    /lib/x86_64-linux-gnu/libnss_nis-2.26.so
7f282a465000-7f282a466000 r--p 0000a000 08:07 1058988                    /lib/x86_64-linux-gnu/libnss_nis-2.26.so
7f282a466000-7f282a467000 rw-p 0000b000 08:07 1058988                    /lib/x86_64-linux-gnu/libnss_nis-2.26.so
7f282a467000-7f282a47e000 r-xp 00000000 08:07 1056815                    /lib/x86_64-linux-gnu/libnsl-2.26.so
7f282a47e000-7f282a67d000 ---p 00017000 08:07 1056815                    /lib/x86_64-linux-gnu/libnsl-2.26.so
7f282a67d000-7f282a67e000 r--p 00016000 08:07 1056815                    /lib/x86_64-linux-gnu/libnsl-2.26.so
7f282a67e000-7f282a67f000 rw-p 00017000 08:07 1056815                    /lib/x86_64-linux-gnu/libnsl-2.26.so
7f282a67f000-7f282a681000 rw-p 00000000 00:00 0 
7f282a681000-7f282a689000 r-xp 00000000 08:07 1056816                    /lib/x86_64-linux-gnu/libnss_compat-2.26.so
7f282a689000-7f282a888000 ---p 00008000 08:07 1056816                    /lib/x86_64-linux-gnu/libnss_compat-2.26.so
7f282a888000-7f282a889000 r--p 00007000 08:07 1056816                    /lib/x86_64-linux-gnu/libnss_compat-2.26.so
7f282a889000-7f282a88a000 rw-p 00008000 08:07 1056816                    /lib/x86_64-linux-gnu/libnss_compat-2.26.so
7f282a88a000-7f282a8b8000 r-xp 00000000 08:07 800364                     /usr/lib/jvm/java-8-openjdk-amd64/jre/lib/amd64/libjava.so
7f282a8b8000-7f282aab7000 ---p 0002e000 08:07 800364                     /usr/lib/jvm/java-8-openjdk-amd64/jre/lib/amd64/libjava.so
7f282aab7000-7f282aab8000 r--p 0002d000 08:07 800364                     /usr/lib/jvm/java-8-openjdk-amd64/jre/lib/amd64/libjava.so
7f282aab8000-7f282aaba000 rw-p 0002e000 08:07 800364                     /usr/lib/jvm/java-8-openjdk-amd64/jre/lib/amd64/libjava.so
7f282aaba000-7f282aaca000 r-xp 00000000 08:07 800382                     /usr/lib/jvm/java-8-openjdk-amd64/jre/lib/amd64/libverify.so
7f282aaca000-7f282acc9000 ---p 00010000 08:07 800382                     /usr/lib/jvm/java-8-openjdk-amd64/jre/lib/amd64/libverify.so
7f282acc9000-7f282accb000 r--p 0000f000 08:07 800382                     /usr/lib/jvm/java-8-openjdk-amd64/jre/lib/amd64/libverify.so
7f282accb000-7f282accc000 rw-p 00011000 08:07 800382                     /usr/lib/jvm/java-8-openjdk-amd64/jre/lib/amd64/libverify.so
7f282accc000-7f282acd3000 r-xp 00000000 08:07 1058993                    /lib/x86_64-linux-gnu/librt-2.26.so
7f282acd3000-7f282aed2000 ---p 00007000 08:07 1058993                    /lib/x86_64-linux-gnu/librt-2.26.so
7f282aed2000-7f282aed3000 r--p 00006000 08:07 1058993                    /lib/x86_64-linux-gnu/librt-2.26.so
7f282aed3000-7f282aed4000 rw-p 00007000 08:07 1058993                    /lib/x86_64-linux-gnu/librt-2.26.so
7f282aed4000-7f282aeea000 r-xp 00000000 08:07 1053710                    /lib/x86_64-linux-gnu/libgcc_s.so.1
7f282aeea000-7f282b0e9000 ---p 00016000 08:07 1053710                    /lib/x86_64-linux-gnu/libgcc_s.so.1
7f282b0e9000-7f282b0ea000 r--p 00015000 08:07 1053710                    /lib/x86_64-linux-gnu/libgcc_s.so.1
7f282b0ea000-7f282b0eb000 rw-p 00016000 08:07 1053710                    /lib/x86_64-linux-gnu/libgcc_s.so.1
7f282b0eb000-7f282b240000 r-xp 00000000 08:07 1056811                    /lib/x86_64-linux-gnu/libm-2.26.so
7f282b240000-7f282b43f000 ---p 00155000 08:07 1056811                    /lib/x86_64-linux-gnu/libm-2.26.so
7f282b43f000-7f282b440000 r--p 00154000 08:07 1056811                    /lib/x86_64-linux-gnu/libm-2.26.so
7f282b440000-7f282b441000 rw-p 00155000 08:07 1056811                    /lib/x86_64-linux-gnu/libm-2.26.so
7f282b441000-7f282b5b9000 r-xp 00000000 08:07 394143                     /usr/lib/x86_64-linux-gnu/libstdc++.so.6.0.24
7f282b5b9000-7f282b7b8000 ---p 00178000 08:07 394143                     /usr/lib/x86_64-linux-gnu/libstdc++.so.6.0.24
7f282b7b8000-7f282b7c2000 r--p 00177000 08:07 394143                     /usr/lib/x86_64-linux-gnu/libstdc++.so.6.0.24
7f282b7c2000-7f282b7c4000 rw-p 00181000 08:07 394143                     /usr/lib/x86_64-linux-gnu/libstdc++.so.6.0.24
7f282b7c4000-7f282b7c7000 rw-p 00000000 00:00 0 
7f282b7c7000-7f282c458000 r-xp 00000000 08:07 800385                     /usr/lib/jvm/java-8-openjdk-amd64/jre/lib/amd64/server/libjvm.so
7f282c458000-7f282c658000 ---p 00c91000 08:07 800385                     /usr/lib/jvm/java-8-openjdk-amd64/jre/lib/amd64/server/libjvm.so
7f282c658000-7f282c6eb000 r--p 00c91000 08:07 800385                     /usr/lib/jvm/java-8-openjdk-amd64/jre/lib/amd64/server/libjvm.so
7f282c6eb000-7f282c713000 rw-p 00d24000 08:07 800385                     /usr/lib/jvm/java-8-openjdk-amd64/jre/lib/amd64/server/libjvm.so
7f282c713000-7f282c744000 rw-p 00000000 00:00 0 
7f282c744000-7f282c75e000 r-xp 00000000 08:07 1058991                    /lib/x86_64-linux-gnu/libpthread-2.26.so
7f282c75e000-7f282c95d000 ---p 0001a000 08:07 1058991                    /lib/x86_64-linux-gnu/libpthread-2.26.so
7f282c95d000-7f282c95e000 r--p 00019000 08:07 1058991                    /lib/x86_64-linux-gnu/libpthread-2.26.so
7f282c95e000-7f282c95f000 rw-p 0001a000 08:07 1058991                    /lib/x86_64-linux-gnu/libpthread-2.26.so
7f282c95f000-7f282c963000 rw-p 00000000 00:00 0 
7f282c963000-7f282c966000 r-xp 00000000 08:07 1056509                    /lib/x86_64-linux-gnu/libdl-2.26.so
7f282c966000-7f282cb65000 ---p 00003000 08:07 1056509                    /lib/x86_64-linux-gnu/libdl-2.26.so
7f282cb65000-7f282cb66000 r--p 00002000 08:07 1056509                    /lib/x86_64-linux-gnu/libdl-2.26.so
7f282cb66000-7f282cb67000 rw-p 00003000 08:07 1056509                    /lib/x86_64-linux-gnu/libdl-2.26.so
7f282cb67000-7f282cb83000 r-xp 00000000 08:07 1054117                    /lib/x86_64-linux-gnu/libz.so.1.2.11
7f282cb83000-7f282cd82000 ---p 0001c000 08:07 1054117                    /lib/x86_64-linux-gnu/libz.so.1.2.11
7f282cd82000-7f282cd83000 r--p 0001b000 08:07 1054117                    /lib/x86_64-linux-gnu/libz.so.1.2.11
7f282cd83000-7f282cd84000 rw-p 0001c000 08:07 1054117                    /lib/x86_64-linux-gnu/libz.so.1.2.11
7f282cd84000-7f282cf5a000 r-xp 00000000 08:07 1056506                    /lib/x86_64-linux-gnu/libc-2.26.so
7f282cf5a000-7f282d15a000 ---p 001d6000 08:07 1056506                    /lib/x86_64-linux-gnu/libc-2.26.so
7f282d15a000-7f282d15e000 r--p 001d6000 08:07 1056506                    /lib/x86_64-linux-gnu/libc-2.26.so
7f282d15e000-7f282d160000 rw-p 001da000 08:07 1056506                    /lib/x86_64-linux-gnu/libc-2.26.so
7f282d160000-7f282d164000 rw-p 00000000 00:00 0 
7f282d164000-7f282d172000 r-xp 00000000 08:07 800350                     /usr/lib/jvm/java-8-openjdk-amd64/jre/lib/amd64/jli/libjli.so
7f282d172000-7f282d371000 ---p 0000e000 08:07 800350                     /usr/lib/jvm/java-8-openjdk-amd64/jre/lib/amd64/jli/libjli.so
7f282d371000-7f282d372000 r--p 0000d000 08:07 800350                     /usr/lib/jvm/java-8-openjdk-amd64/jre/lib/amd64/jli/libjli.so
7f282d372000-7f282d373000 rw-p 0000e000 08:07 800350                     /usr/lib/jvm/java-8-openjdk-amd64/jre/lib/amd64/jli/libjli.so
7f282d373000-7f282d39a000 r-xp 00000000 08:07 1056480                    /lib/x86_64-linux-gnu/ld-2.26.so
7f282d479000-7f282d47c000 ---p 00000000 00:00 0 
7f282d47c000-7f282d57c000 rw-p 00000000 00:00 0 
7f282d58e000-7f282d596000 rw-s 00000000 08:07 2630047                    /tmp/hsperfdata_anurag/9352
7f282d596000-7f282d597000 rw-p 00000000 00:00 0 
7f282d597000-7f282d598000 r--p 00000000 00:00 0 
7f282d598000-7f282d59a000 rw-p 00000000 00:00 0 
7f282d59a000-7f282d59b000 r--p 00027000 08:07 1056480                    /lib/x86_64-linux-gnu/ld-2.26.so
7f282d59b000-7f282d59c000 rw-p 00028000 08:07 1056480                    /lib/x86_64-linux-gnu/ld-2.26.so
7f282d59c000-7f282d59d000 rw-p 00000000 00:00 0 
7ffc82aea000-7ffc82b0b000 rw-p 00000000 00:00 0                          [stack]
7ffc82be1000-7ffc82be4000 r--p 00000000 00:00 0                          [vvar]
7ffc82be4000-7ffc82be6000 r-xp 00000000 00:00 0                          [vdso]
ffffffffff600000-ffffffffff601000 r-xp 00000000 00:00 0                  [vsyscall]

VM Arguments:
jvm_args: -Djava.awt.headless=true -Xmx1024M -Dfile.encoding=UTF-8 -Duser.country=US -Duser.language=en -Duser.variant 
java_command: com.android.dx.command.Main --dex --num-threads=4 --output /home/anurag/Desktop/SimpleDynamo/app/build/intermediates/transforms/dex/debug/folders/1000/1f/main /home/anurag/Desktop/SimpleDynamo/app/build/intermediates/classes/debug
java_class_path (initial): /media/anurag/UbuntuProjects/Android/Sdk/build-tools/25.0.0/lib/dx.jar
Launcher Type: SUN_STANDARD

Environment Variables:
JAVA_HOME=
PATH=/home/anurag/anaconda3/bin:/home/anurag/Android/Sdk/tools:/home/anurag/Android/Sdk/platform-tools:/usr/local/hadoop/bin/:/usr/lib/spark:/usr/local/sbin:/usr/local/bin:/usr/sbin:/usr/bin:/sbin:/bin:/usr/games:/usr/local/games:/snap/bin:/usr/local/go1.10.3.linux-amd64/go/bin/
USERNAME=anurag
SHELL=/bin/bash
DISPLAY=:0

Signal Handlers:
SIGSEGV: [libjvm.so+0xaabe00], sa_mask[0]=11111111011111111101111111111110, sa_flags=SA_RESTART|SA_SIGINFO
SIGBUS: [libjvm.so+0xaabe00], sa_mask[0]=11111111011111111101111111111110, sa_flags=SA_RESTART|SA_SIGINFO
SIGFPE: [libjvm.so+0x8e1dd0], sa_mask[0]=11111111011111111101111111111110, sa_flags=SA_RESTART|SA_SIGINFO
SIGPIPE: [libjvm.so+0x8e1dd0], sa_mask[0]=11111111011111111101111111111110, sa_flags=SA_RESTART|SA_SIGINFO
SIGXFSZ: [libjvm.so+0x8e1dd0], sa_mask[0]=11111111011111111101111111111110, sa_flags=SA_RESTART|SA_SIGINFO
SIGILL: [libjvm.so+0x8e1dd0], sa_mask[0]=11111111011111111101111111111110, sa_flags=SA_RESTART|SA_SIGINFO
SIGUSR1: SIG_DFL, sa_mask[0]=00000000000000000000000000000000, sa_flags=none
SIGUSR2: [libjvm.so+0x8e1c80], sa_mask[0]=00100000000000000000000000000000, sa_flags=SA_RESTART|SA_SIGINFO
SIGHUP: SIG_DFL, sa_mask[0]=00000000000000000000000000000000, sa_flags=none
SIGINT: SIG_DFL, sa_mask[0]=00000000000000000000000000000000, sa_flags=none
SIGTERM: SIG_DFL, sa_mask[0]=00000000000000000000000000000000, sa_flags=none
SIGQUIT: SIG_DFL, sa_mask[0]=00000000000000000000000000000000, sa_flags=none


---------------  S Y S T E M  ---------------

OS:DISTRIB_ID=Ubuntu
DISTRIB_RELEASE=17.10
DISTRIB_CODENAME=artful
DISTRIB_DESCRIPTION="Ubuntu 17.10"

uname:Linux 4.13.0-46-generic #51-Ubuntu SMP Tue Jun 12 12:36:29 UTC 2018 x86_64
libc:glibc 2.26 NPTL 2.26 
rlimit: STACK 8192k, CORE 0k, NPROC 30808, NOFILE 4096, AS infinity
load average:8.74 3.55 2.21

/proc/meminfo:
MemTotal:        8078036 kB
MemFree:          113772 kB
MemAvailable:      19980 kB
Buffers:            3420 kB
Cached:          1515092 kB
SwapCached:         3212 kB
Active:          6716684 kB
Inactive:         903192 kB
Active(anon):    6701208 kB
Inactive(anon):   884136 kB
Active(file):      15476 kB
Inactive(file):    19056 kB
Unevictable:          32 kB
Mlocked:              32 kB
SwapTotal:       2097148 kB
SwapFree:              0 kB
Dirty:               364 kB
Writeback:             0 kB
AnonPages:       6099124 kB
Mapped:           864108 kB
Shmem:           1483764 kB
Slab:             158792 kB
SReclaimable:      57740 kB
SUnreclaim:       101052 kB
KernelStack:       18528 kB
PageTables:        85116 kB
NFS_Unstable:          0 kB
Bounce:                0 kB
WritebackTmp:          0 kB
CommitLimit:     6136164 kB
Committed_AS:   17986688 kB
VmallocTotal:   34359738367 kB
VmallocUsed:           0 kB
VmallocChunk:          0 kB
HardwareCorrupted:     0 kB
AnonHugePages:         0 kB
ShmemHugePages:        0 kB
ShmemPmdMapped:        0 kB
CmaTotal:              0 kB
CmaFree:               0 kB
HugePages_Total:       0
HugePages_Free:        0
HugePages_Rsvd:        0
HugePages_Surp:        0
Hugepagesize:       2048 kB
DirectMap4k:      218644 kB
DirectMap2M:     7030784 kB
DirectMap1G:     1048576 kB


CPU:total 4 (initial active 4) (2 cores per cpu, 2 threads per core) family 6 model 78 stepping 3, cmov, cx8, fxsr, mmx, sse, sse2, sse3, ssse3, sse4.1, sse4.2, popcnt, avx, avx2, aes, clmul, erms, 3dnowpref, lzcnt, ht, tsc, tscinvbit, bmi1, bmi2, adx

/proc/cpuinfo:
processor	: 0
vendor_id	: GenuineIntel
cpu family	: 6
model		: 78
model name	: Intel(R) Core(TM) i7-6500U CPU @ 2.50GHz
stepping	: 3
microcode	: 0xc2
cpu MHz		: 2799.991
cache size	: 4096 KB
physical id	: 0
siblings	: 4
core id		: 0
cpu cores	: 2
apicid		: 0
initial apicid	: 0
fpu		: yes
fpu_exception	: yes
cpuid level	: 22
wp		: yes
flags		: fpu vme de pse tsc msr pae mce cx8 apic sep mtrr pge mca cmov pat pse36 clflush dts acpi mmx fxsr sse sse2 ss ht tm pbe syscall nx pdpe1gb rdtscp lm constant_tsc art arch_perfmon pebs bts rep_good nopl xtopology nonstop_tsc cpuid aperfmperf tsc_known_freq pni pclmulqdq dtes64 monitor ds_cpl vmx est tm2 ssse3 sdbg fma cx16 xtpr pdcm pcid sse4_1 sse4_2 x2apic movbe popcnt tsc_deadline_timer aes xsave avx f16c rdrand lahf_lm abm 3dnowprefetch cpuid_fault epb invpcid_single pti retpoline intel_pt rsb_ctxsw spec_ctrl tpr_shadow vnmi flexpriority ept vpid fsgsbase tsc_adjust bmi1 avx2 smep bmi2 erms invpcid mpx rdseed adx smap clflushopt xsaveopt xsavec xgetbv1 xsaves dtherm ida arat pln pts hwp hwp_notify hwp_act_window hwp_epp
bugs		: cpu_meltdown spectre_v1 spectre_v2 spec_store_bypass
bogomips	: 5184.00
clflush size	: 64
cache_alignment	: 64
address sizes	: 39 bits physical, 48 bits virtual
power management:

processor	: 1
vendor_id	: GenuineIntel
cpu family	: 6
model		: 78
model name	: Intel(R) Core(TM) i7-6500U CPU @ 2.50GHz
stepping	: 3
microcode	: 0xc2
cpu MHz		: 2800.000
cache size	: 4096 KB
physical id	: 0
siblings	: 4
core id		: 1
cpu cores	: 2
apicid		: 2
initial apicid	: 2
fpu		: yes
fpu_exception	: yes
cpuid level	: 22
wp		: yes
flags		: fpu vme de pse tsc msr pae mce cx8 apic sep mtrr pge mca cmov pat pse36 clflush dts acpi mmx fxsr sse sse2 ss ht tm pbe syscall nx pdpe1gb rdtscp lm constant_tsc art arch_perfmon pebs bts rep_good nopl xtopology nonstop_tsc cpuid aperfmperf tsc_known_freq pni pclmulqdq dtes64 monitor ds_cpl vmx est tm2 ssse3 sdbg fma cx16 xtpr pdcm pcid sse4_1 sse4_2 x2apic movbe popcnt tsc_deadline_timer aes xsave avx f16c rdrand lahf_lm abm 3dnowprefetch cpuid_fault epb invpcid_single pti retpoline intel_pt rsb_ctxsw spec_ctrl tpr_shadow vnmi flexpriority ept vpid fsgsbase tsc_adjust bmi1 avx2 smep bmi2 erms invpcid mpx rdseed adx smap clflushopt xsaveopt xsavec xgetbv1 xsaves dtherm ida arat pln pts hwp hwp_notify hwp_act_window hwp_epp
bugs		: cpu_meltdown spectre_v1 spectre_v2 spec_store_bypass
bogomips	: 5184.00
clflush size	: 64
cache_alignment	: 64
address sizes	: 39 bits physical, 48 bits virtual
power management:

processor	: 2
vendor_id	: GenuineIntel
cpu family	: 6
model		: 78
model name	: Intel(R) Core(TM) i7-6500U CPU @ 2.50GHz
stepping	: 3
microcode	: 0xc2
cpu MHz		: 2800.000
cache size	: 4096 KB
physical id	: 0
siblings	: 4
core id		: 0
cpu cores	: 2
apicid		: 1
initial apicid	: 1
fpu		: yes
fpu_exception	: yes
cpuid level	: 22
wp		: yes
flags		: fpu vme de pse tsc msr pae mce cx8 apic sep mtrr pge mca cmov pat pse36 clflush dts acpi mmx fxsr sse sse2 ss ht tm pbe syscall nx pdpe1gb rdtscp lm constant_tsc art arch_perfmon pebs bts rep_good nopl xtopology nonstop_tsc cpuid aperfmperf tsc_known_freq pni pclmulqdq dtes64 monitor ds_cpl vmx est tm2 ssse3 sdbg fma cx16 xtpr pdcm pcid sse4_1 sse4_2 x2apic movbe popcnt tsc_deadline_timer aes xsave avx f16c rdrand lahf_lm abm 3dnowprefetch cpuid_fault epb invpcid_single pti retpoline intel_pt rsb_ctxsw spec_ctrl tpr_shadow vnmi flexpriority ept vpid fsgsbase tsc_adjust bmi1 avx2 smep bmi2 erms invpcid mpx rdseed adx smap clflushopt xsaveopt xsavec xgetbv1 xsaves dtherm ida arat pln pts hwp hwp_notify hwp_act_window hwp_epp
bugs		: cpu_meltdown spectre_v1 spectre_v2 spec_store_bypass
bogomips	: 5184.00
clflush size	: 64
cache_alignment	: 64
address sizes	: 39 bits physical, 48 bits virtual
power management:

processor	: 3
vendor_id	: GenuineIntel
cpu family	: 6
model		: 78
model name	: Intel(R) Core(TM) i7-6500U CPU @ 2.50GHz
stepping	: 3
microcode	: 0xc2
cpu MHz		: 2800.005
cache size	: 4096 KB
physical id	: 0
siblings	: 4
core id		: 1
cpu cores	: 2
apicid		: 3
initial apicid	: 3
fpu		: yes
fpu_exception	: yes
cpuid level	: 22
wp		: yes
flags		: fpu vme de pse tsc msr pae mce cx8 apic sep mtrr pge mca cmov pat pse36 clflush dts acpi mmx fxsr sse sse2 ss ht tm pbe syscall nx pdpe1gb rdtscp lm constant_tsc art arch_perfmon pebs bts rep_good nopl xtopology nonstop_tsc cpuid aperfmperf tsc_known_freq pni pclmulqdq dtes64 monitor ds_cpl vmx est tm2 ssse3 sdbg fma cx16 xtpr pdcm pcid sse4_1 sse4_2 x2apic movbe popcnt tsc_deadline_timer aes xsave avx f16c rdrand lahf_lm abm 3dnowprefetch cpuid_fault epb invpcid_single pti retpoline intel_pt rsb_ctxsw spec_ctrl tpr_shadow vnmi flexpriority ept vpid fsgsbase tsc_adjust bmi1 avx2 smep bmi2 erms invpcid mpx rdseed adx smap clflushopt xsaveopt xsavec xgetbv1 xsaves dtherm ida arat pln pts hwp hwp_notify hwp_act_window hwp_epp
bugs		: cpu_meltdown spectre_v1 spectre_v2 spec_store_bypass
bogomips	: 5184.00
clflush size	: 64
cache_alignment	: 64
address sizes	: 39 bits physical, 48 bits virtual
power management:



Memory: 4k page, physical 8078036k(117404k free), swap 2097148k(0k free)

vm_info: OpenJDK 64-Bit Server VM (25.171-b11) for linux-amd64 JRE (1.8.0_171-8u171-b11-0ubuntu0.17.10.1-b11), built on Apr 26 2018 15:59:34 by "buildd" with gcc 7.2.0

time: Wed Aug  1 12:37:18 2018
elapsed time: 0 seconds (0d 0h 0m 0s)

